<?xml version="1.0" encoding="UTF-8"?>
<!-- Generated by org.testng.reporters.JUnitReportReporter -->
<testsuite skipped="0" hostname="DESKTOP-0M6KONU" name="org.automation.TestNG_Sample" tests="3" failures="0" timestamp="16 Apr 2021 14:51:40 GMT" time="0.038" errors="0">
  <testcase name="tc3" time="0.007" classname="org.automation.TestNG_Sample"/>
  <testcase name="tc1" time="0.019" classname="org.automation.TestNG_Sample"/>
  <testcase name="tc2" time="0.012" classname="org.automation.TestNG_Sample"/>
</testsuite> <!-- org.automation.TestNG_Sample -->
