<?xml version="1.0" encoding="UTF-8"?>
<!-- Generated by org.testng.reporters.JUnitReportReporter -->
<testsuite skipped="0" hostname="DESKTOP-0M6KONU" name="org.automation.AtactinAutomation" tests="5" failures="0" timestamp="17 Apr 2021 07:17:33 GMT" time="31.328" errors="0">
  <testcase name="tc1" time="11.200" classname="org.automation.AtactinAutomation"/>
  <testcase name="tc3" time="4.247" classname="org.automation.AtactinAutomation"/>
  <testcase name="tc2" time="6.673" classname="org.automation.AtactinAutomation"/>
  <testcase name="tc4" time="8.247" classname="org.automation.AtactinAutomation"/>
  <testcase name="tc5" time="0.961" classname="org.automation.AtactinAutomation"/>
</testsuite> <!-- org.automation.AtactinAutomation -->
